# Nmap 7.99 scan initiated Mon May 25 02:10:18 2026 as: /usr/lib/nmap/nmap --privileged -A -sS -p- -v -T 4 --script=default,vuln -oN nmap.log 192.168.56.106
Nmap scan report for 192.168.56.106
Host is up (0.0016s latency).
Not shown: 65533 closed tcp ports (reset)
PORT     STATE SERVICE VERSION
22/tcp   open  ssh     OpenSSH 10.0 (protocol 2.0)
| vulners: 
|   cpe:/a:openbsd:openssh:10.0: 
|     	CVE-2026-35414	8.1	https://vulners.com/cve/CVE-2026-35414
|     	CVE-2026-35386	8.1	https://vulners.com/cve/CVE-2026-35386
|     	CVE-2026-35385	8.1	https://vulners.com/cve/CVE-2026-35385
|     	CVE-2026-35387	6.5	https://vulners.com/cve/CVE-2026-35387
|     	CVE-2025-61985	3.6	https://vulners.com/cve/CVE-2025-61985
|     	CVE-2025-61984	3.6	https://vulners.com/cve/CVE-2025-61984
|     	B7EACB4F-A5CF-5C5A-809F-E03CCE2AB150	3.6	https://vulners.com/githubexploit/B7EACB4F-A5CF-5C5A-809F-E03CCE2AB150	*EXPLOIT*
|     	4C6E2182-0E99-5626-83F6-1646DD648C57	3.6	https://vulners.com/githubexploit/4C6E2182-0E99-5626-83F6-1646DD648C57	*EXPLOIT*
|_    	CVE-2026-35388	2.5	https://vulners.com/cve/CVE-2026-35388
8080/tcp open  http    Golang net/http server
|_http-vuln-cve2017-1001000: ERROR: Script execution failed (use -d to debug)
|_http-stored-xss: Couldn't find any stored XSS vulnerabilities.
|_http-csrf: Couldn't find any CSRF vulnerabilities.
|_http-favicon: Unknown favicon MD5: D58DB6BFC5A697F0567773A18D530102
| http-phpmyadmin-dir-traversal: 
|   VULNERABLE:
|   phpMyAdmin grab_globals.lib.php subform Parameter Traversal Local File Inclusion
|     State: UNKNOWN (unable to test)
|     IDs:  CVE:CVE-2005-3299
|       PHP file inclusion vulnerability in grab_globals.lib.php in phpMyAdmin 2.6.4 and 2.6.4-pl1 allows remote attackers to include local files via the $__redirect parameter, possibly involving the subform array.
|       
|     Disclosure date: 2005-10-nil
|     Extra information:
|       ../../../../../etc/passwd :
|   Yes, thats a CTF :_(
|   
|     References:
|       http://www.exploit-db.com/exploits/1244/
|_      https://cve.mitre.org/cgi-bin/cvename.cgi?name=CVE-2005-3299
|_http-majordomo2-dir-traversal: ERROR: Script execution failed (use -d to debug)
| http-slowloris-check: 
|   VULNERABLE:
|   Slowloris DOS attack
|     State: LIKELY VULNERABLE
|     IDs:  CVE:CVE-2007-6750
|       Slowloris tries to keep many connections to the target web server open and hold
|       them open as long as possible.  It accomplishes this by opening connections to
|       the target web server and sending a partial request. By doing so, it starves
|       the http server's resources causing Denial Of Service.
|       
|     Disclosure date: 2009-09-17
|     References:
|       https://cve.mitre.org/cgi-bin/cvename.cgi?name=CVE-2007-6750
|_      http://ha.ckers.org/slowloris/
| http-methods: 
|_  Supported Methods: GET HEAD POST OPTIONS
| http-robots.txt: 1 disallowed entry 
|_/admin
|_http-dombased-xss: Couldn't find any DOM based XSS.
|_http-title: Site doesn't have a title (text/plain; charset=utf-8).
|_http-open-proxy: Proxy might be redirecting requests
| fingerprint-strings: 
|   FourOhFourRequest, GetRequest, HTTPOptions: 
|     HTTP/1.0 200 OK
|     Date: Mon, 25 May 2026 06:11:05 GMT
|     Content-Length: 21
|     Content-Type: text/plain; charset=utf-8
|     Yes, thats a CTF :_(
|   GenericLines, Help, LPDString, RTSPRequest, SIPOptions, SSLSessionReq, Socks5: 
|     HTTP/1.1 400 Bad Request
|     Content-Type: text/plain; charset=utf-8
|     Connection: close
|     Request
|   OfficeScan: 
|     HTTP/1.1 400 Bad Request: missing required Host header
|     Content-Type: text/plain; charset=utf-8
|     Connection: close
|_    Request: missing required Host header
1 service unrecognized despite returning data. If you know the service/version, please submit the following fingerprint at https://nmap.org/cgi-bin/submit.cgi?new-service :
SF-Port8080-TCP:V=7.99%I=7%D=5/25%Time=6A13E7FB%P=x86_64-pc-linux-gnu%r(Ge
SF:tRequest,8A,"HTTP/1\.0\x20200\x20OK\r\nDate:\x20Mon,\x2025\x20May\x2020
SF:26\x2006:11:05\x20GMT\r\nContent-Length:\x2021\r\nContent-Type:\x20text
SF:/plain;\x20charset=utf-8\r\n\r\nYes,\x20thats\x20a\x20CTF\x20:_\(\n")%r
SF:(HTTPOptions,8A,"HTTP/1\.0\x20200\x20OK\r\nDate:\x20Mon,\x2025\x20May\x
SF:202026\x2006:11:05\x20GMT\r\nContent-Length:\x2021\r\nContent-Type:\x20
SF:text/plain;\x20charset=utf-8\r\n\r\nYes,\x20thats\x20a\x20CTF\x20:_\(\n
SF:")%r(RTSPRequest,67,"HTTP/1\.1\x20400\x20Bad\x20Request\r\nContent-Type
SF::\x20text/plain;\x20charset=utf-8\r\nConnection:\x20close\r\n\r\n400\x2
SF:0Bad\x20Request")%r(FourOhFourRequest,8A,"HTTP/1\.0\x20200\x20OK\r\nDat
SF:e:\x20Mon,\x2025\x20May\x202026\x2006:11:05\x20GMT\r\nContent-Length:\x
SF:2021\r\nContent-Type:\x20text/plain;\x20charset=utf-8\r\n\r\nYes,\x20th
SF:ats\x20a\x20CTF\x20:_\(\n")%r(Socks5,67,"HTTP/1\.1\x20400\x20Bad\x20Req
SF:uest\r\nContent-Type:\x20text/plain;\x20charset=utf-8\r\nConnection:\x2
SF:0close\r\n\r\n400\x20Bad\x20Request")%r(GenericLines,67,"HTTP/1\.1\x204
SF:00\x20Bad\x20Request\r\nContent-Type:\x20text/plain;\x20charset=utf-8\r
SF:\nConnection:\x20close\r\n\r\n400\x20Bad\x20Request")%r(Help,67,"HTTP/1
SF:\.1\x20400\x20Bad\x20Request\r\nContent-Type:\x20text/plain;\x20charset
SF:=utf-8\r\nConnection:\x20close\r\n\r\n400\x20Bad\x20Request")%r(SSLSess
SF:ionReq,67,"HTTP/1\.1\x20400\x20Bad\x20Request\r\nContent-Type:\x20text/
SF:plain;\x20charset=utf-8\r\nConnection:\x20close\r\n\r\n400\x20Bad\x20Re
SF:quest")%r(LPDString,67,"HTTP/1\.1\x20400\x20Bad\x20Request\r\nContent-T
SF:ype:\x20text/plain;\x20charset=utf-8\r\nConnection:\x20close\r\n\r\n400
SF:\x20Bad\x20Request")%r(SIPOptions,67,"HTTP/1\.1\x20400\x20Bad\x20Reques
SF:t\r\nContent-Type:\x20text/plain;\x20charset=utf-8\r\nConnection:\x20cl
SF:ose\r\n\r\n400\x20Bad\x20Request")%r(OfficeScan,A3,"HTTP/1\.1\x20400\x2
SF:0Bad\x20Request:\x20missing\x20required\x20Host\x20header\r\nContent-Ty
SF:pe:\x20text/plain;\x20charset=utf-8\r\nConnection:\x20close\r\n\r\n400\
SF:x20Bad\x20Request:\x20missing\x20required\x20Host\x20header");
MAC Address: 08:00:27:7F:E8:6C (Oracle VirtualBox virtual NIC)
Device type: general purpose
Running: Linux 4.X|5.X
OS CPE: cpe:/o:linux:linux_kernel:4 cpe:/o:linux:linux_kernel:5
OS details: Linux 4.15 - 5.19, OpenWrt 21.02 (Linux 5.4)
Uptime guess: 27.082 days (since Tue Apr 28 00:21:43 2026)
Network Distance: 1 hop
TCP Sequence Prediction: Difficulty=260 (Good luck!)
IP ID Sequence Generation: All zeros

TRACEROUTE
HOP RTT     ADDRESS
1   1.64 ms 192.168.56.106

Read data files from: /usr/share/nmap
OS and Service detection performed. Please report any incorrect results at https://nmap.org/submit/ .
# Nmap done at Mon May 25 02:19:59 2026 -- 1 IP address (1 host up) scanned in 580.75 seconds
