# Nmap 7.99 scan initiated Mon May 25 18:18:26 2026 as: /usr/lib/nmap/nmap --privileged -A -sS -p- -v -T 4 --script=default,vuln -oN nmap.log 192.168.56.108
Nmap scan report for 192.168.56.108
Host is up (0.0013s latency).
Not shown: 65533 closed tcp ports (reset)
PORT   STATE SERVICE VERSION
22/tcp open  ssh     OpenSSH 7.9p1 Debian 10+deb10u2 (protocol 2.0)
| ssh-hostkey: 
|   2048 e3:fc:1b:74:e5:e3:c9:ef:6d:ac:df:b1:1e:47:83:ad (RSA)
|   256 10:bd:60:33:a0:d1:a4:7d:de:c8:29:0a:c4:7d:b1:aa (ECDSA)
|_  256 4b:fc:30:a8:12:69:e7:b2:ce:ad:99:f1:66:12:cd:8c (ED25519)
| vulners: 
|   cpe:/a:openbsd:openssh:7.9p1: 
|     	PACKETSTORM:173661	9.8	https://vulners.com/packetstorm/PACKETSTORM:173661	*EXPLOIT*
|     	F0979183-AE88-53B4-86CF-3AF0523F3807	9.8	https://vulners.com/githubexploit/F0979183-AE88-53B4-86CF-3AF0523F3807	*EXPLOIT*
|     	CVE-2023-38408	9.8	https://vulners.com/cve/CVE-2023-38408
|     	B8190CDB-3EB9-5631-9828-8064A1575B23	9.8	https://vulners.com/githubexploit/B8190CDB-3EB9-5631-9828-8064A1575B23	*EXPLOIT*
|     	A2B36B85-C737-548F-8C04-9339EDCDBFF5	9.8	https://vulners.com/githubexploit/A2B36B85-C737-548F-8C04-9339EDCDBFF5	*EXPLOIT*
|     	8FC9C5AB-3968-5F3C-825E-E8DB5379A623	9.8	https://vulners.com/githubexploit/8FC9C5AB-3968-5F3C-825E-E8DB5379A623	*EXPLOIT*
|     	8AD01159-548E-546E-AA87-2DE89F3927EC	9.8	https://vulners.com/githubexploit/8AD01159-548E-546E-AA87-2DE89F3927EC	*EXPLOIT*
|     	6192C35D-F78B-5C0A-AB8D-9826A79A5320	9.8	https://vulners.com/githubexploit/6192C35D-F78B-5C0A-AB8D-9826A79A5320	*EXPLOIT*
|     	2227729D-6700-5C8F-8930-1EEAFD4B9FF0	9.8	https://vulners.com/githubexploit/2227729D-6700-5C8F-8930-1EEAFD4B9FF0	*EXPLOIT*
|     	0221525F-07F5-5790-912D-F4B9E2D1B587	9.8	https://vulners.com/githubexploit/0221525F-07F5-5790-912D-F4B9E2D1B587	*EXPLOIT*
|     	CVE-2026-35414	8.1	https://vulners.com/cve/CVE-2026-35414
|     	CVE-2026-35386	8.1	https://vulners.com/cve/CVE-2026-35386
|     	CVE-2026-35385	8.1	https://vulners.com/cve/CVE-2026-35385
|     	BA3887BD-F579-53B1-A4A4-FF49E953E1C0	8.1	https://vulners.com/githubexploit/BA3887BD-F579-53B1-A4A4-FF49E953E1C0	*EXPLOIT*
|     	4FB01B00-F993-5CAF-BD57-D7E290D10C1F	8.1	https://vulners.com/githubexploit/4FB01B00-F993-5CAF-BD57-D7E290D10C1F	*EXPLOIT*
|     	CVE-2020-15778	7.8	https://vulners.com/cve/CVE-2020-15778
|     	CVE-2019-16905	7.8	https://vulners.com/cve/CVE-2019-16905
|     	C94132FD-1FA5-5342-B6EE-0DAF45EEFFE3	7.8	https://vulners.com/githubexploit/C94132FD-1FA5-5342-B6EE-0DAF45EEFFE3	*EXPLOIT*
|     	991D2CC4-0E09-5745-97A2-4917461BD6EC	7.8	https://vulners.com/githubexploit/991D2CC4-0E09-5745-97A2-4917461BD6EC	*EXPLOIT*
|     	2E719186-2FED-58A8-A150-762EFBAAA523	7.8	https://vulners.com/gitee/2E719186-2FED-58A8-A150-762EFBAAA523	*EXPLOIT*
|     	23CC97BE-7C95-513B-9E73-298C48D74432	7.8	https://vulners.com/githubexploit/23CC97BE-7C95-513B-9E73-298C48D74432	*EXPLOIT*
|     	10213DBE-F683-58BB-B6D3-353173626207	7.8	https://vulners.com/githubexploit/10213DBE-F683-58BB-B6D3-353173626207	*EXPLOIT*
|     	SSV:92579	7.5	https://vulners.com/seebug/SSV:92579	*EXPLOIT*
|     	1337DAY-ID-26576	7.5	https://vulners.com/zdt/1337DAY-ID-26576	*EXPLOIT*
|     	CVE-2021-41617	7.0	https://vulners.com/cve/CVE-2021-41617
|     	284B94FC-FD5D-5C47-90EA-47900DAD1D1E	7.0	https://vulners.com/githubexploit/284B94FC-FD5D-5C47-90EA-47900DAD1D1E	*EXPLOIT*
|     	PACKETSTORM:189283	6.8	https://vulners.com/packetstorm/PACKETSTORM:189283	*EXPLOIT*
|     	EDB-ID:46516	6.8	https://vulners.com/exploitdb/EDB-ID:46516	*EXPLOIT*
|     	EDB-ID:46193	6.8	https://vulners.com/exploitdb/EDB-ID:46193	*EXPLOIT*
|     	CVE-2025-26465	6.8	https://vulners.com/cve/CVE-2025-26465
|     	CVE-2019-6110	6.8	https://vulners.com/cve/CVE-2019-6110
|     	CVE-2019-6109	6.8	https://vulners.com/cve/CVE-2019-6109
|     	9D8432B9-49EC-5F45-BB96-329B1F2B2254	6.8	https://vulners.com/githubexploit/9D8432B9-49EC-5F45-BB96-329B1F2B2254	*EXPLOIT*
|     	85FCDCC6-9A03-597E-AB4F-FA4DAC04F8D0	6.8	https://vulners.com/githubexploit/85FCDCC6-9A03-597E-AB4F-FA4DAC04F8D0	*EXPLOIT*
|     	1337DAY-ID-39918	6.8	https://vulners.com/zdt/1337DAY-ID-39918	*EXPLOIT*
|     	1337DAY-ID-32328	6.8	https://vulners.com/zdt/1337DAY-ID-32328	*EXPLOIT*
|     	1337DAY-ID-32009	6.8	https://vulners.com/zdt/1337DAY-ID-32009	*EXPLOIT*
|     	D104D2BF-ED22-588B-A9B2-3CCC562FE8C0	6.5	https://vulners.com/githubexploit/D104D2BF-ED22-588B-A9B2-3CCC562FE8C0	*EXPLOIT*
|     	CVE-2026-35387	6.5	https://vulners.com/cve/CVE-2026-35387
|     	CVE-2023-51385	6.5	https://vulners.com/cve/CVE-2023-51385
|     	C07ADB46-24B8-57B7-B375-9C761F4750A2	6.5	https://vulners.com/githubexploit/C07ADB46-24B8-57B7-B375-9C761F4750A2	*EXPLOIT*
|     	A88CDD3E-67CC-51CC-97FB-AB0CACB6B08C	6.5	https://vulners.com/githubexploit/A88CDD3E-67CC-51CC-97FB-AB0CACB6B08C	*EXPLOIT*
|     	65B15AA1-2A8D-53C1-9499-69EBA3619F1C	6.5	https://vulners.com/githubexploit/65B15AA1-2A8D-53C1-9499-69EBA3619F1C	*EXPLOIT*
|     	5325A9D6-132B-590C-BDEF-0CB105252732	6.5	https://vulners.com/gitee/5325A9D6-132B-590C-BDEF-0CB105252732	*EXPLOIT*
|     	530326CF-6AB3-5643-AA16-73DC8CB44742	6.5	https://vulners.com/githubexploit/530326CF-6AB3-5643-AA16-73DC8CB44742	*EXPLOIT*
|     	FD2E0EBA-ED84-5304-8862-84BCDEB2F288	5.9	https://vulners.com/githubexploit/FD2E0EBA-ED84-5304-8862-84BCDEB2F288	*EXPLOIT*
|     	CVE-2023-48795	5.9	https://vulners.com/cve/CVE-2023-48795
|     	CVE-2020-14145	5.9	https://vulners.com/cve/CVE-2020-14145
|     	CVE-2019-6111	5.9	https://vulners.com/cve/CVE-2019-6111
|     	CNVD-2021-25272	5.9	https://vulners.com/cnvd/CNVD-2021-25272
|     	721F040C-37BC-59E1-9433-01A2EAC2E755	5.9	https://vulners.com/githubexploit/721F040C-37BC-59E1-9433-01A2EAC2E755	*EXPLOIT*
|     	6D74A425-60A7-557A-B469-1DD96A2D8FF8	5.9	https://vulners.com/githubexploit/6D74A425-60A7-557A-B469-1DD96A2D8FF8	*EXPLOIT*
|     	EXPLOITPACK:98FE96309F9524B8C84C508837551A19	5.8	https://vulners.com/exploitpack/EXPLOITPACK:98FE96309F9524B8C84C508837551A19	*EXPLOIT*
|     	EXPLOITPACK:5330EA02EBDE345BFC9D6DDDD97F9E97	5.8	https://vulners.com/exploitpack/EXPLOITPACK:5330EA02EBDE345BFC9D6DDDD97F9E97	*EXPLOIT*
|     	CVE-2018-20685	5.3	https://vulners.com/cve/CVE-2018-20685
|     	CVE-2016-20012	5.3	https://vulners.com/cve/CVE-2016-20012
|     	CNVD-2019-01296	5.3	https://vulners.com/cnvd/CNVD-2019-01296
|     	CVE-2025-32728	4.3	https://vulners.com/cve/CVE-2025-32728
|     	CVE-2021-36368	3.7	https://vulners.com/cve/CVE-2021-36368
|     	CVE-2025-61985	3.6	https://vulners.com/cve/CVE-2025-61985
|     	CVE-2025-61984	3.6	https://vulners.com/cve/CVE-2025-61984
|     	B7EACB4F-A5CF-5C5A-809F-E03CCE2AB150	3.6	https://vulners.com/githubexploit/B7EACB4F-A5CF-5C5A-809F-E03CCE2AB150	*EXPLOIT*
|     	4C6E2182-0E99-5626-83F6-1646DD648C57	3.6	https://vulners.com/githubexploit/4C6E2182-0E99-5626-83F6-1646DD648C57	*EXPLOIT*
|     	CVE-2026-35388	2.5	https://vulners.com/cve/CVE-2026-35388
|     	PACKETSTORM:151227	0.0	https://vulners.com/packetstorm/PACKETSTORM:151227	*EXPLOIT*
|_    	PACKETSTORM:140261	0.0	https://vulners.com/packetstorm/PACKETSTORM:140261	*EXPLOIT*
80/tcp open  http    nginx 1.14.2
|_http-stored-xss: Couldn't find any stored XSS vulnerabilities.
| vulners: 
|   nginx 1.14.2: 
|     	F24D1B4E-B7ED-546A-9886-CDE6898D6FA6	9.3	https://vulners.com/gitee/F24D1B4E-B7ED-546A-9886-CDE6898D6FA6	*EXPLOIT*
|     	NGINX:CVE-2026-9256	9.2	https://vulners.com/nginx/NGINX:CVE-2026-9256
|     	NGINX:CVE-2026-42945	9.2	https://vulners.com/nginx/NGINX:CVE-2026-42945
|     	F8BA6D01-09BC-5DB0-A42B-4E563D68898E	9.2	https://vulners.com/githubexploit/F8BA6D01-09BC-5DB0-A42B-4E563D68898E	*EXPLOIT*
|     	E4F9C549-8192-5FB6-AB68-2A0182498EC1	9.2	https://vulners.com/githubexploit/E4F9C549-8192-5FB6-AB68-2A0182498EC1	*EXPLOIT*
|     	E4E784B6-A59D-5F31-AA0B-4BD1AE4C2A25	9.2	https://vulners.com/githubexploit/E4E784B6-A59D-5F31-AA0B-4BD1AE4C2A25	*EXPLOIT*
|     	DCB2198C-FBEF-526A-91B1-077D0C9A371C	9.2	https://vulners.com/githubexploit/DCB2198C-FBEF-526A-91B1-077D0C9A371C	*EXPLOIT*
|     	DB986575-5515-5217-904C-B2F303FC6604	9.2	https://vulners.com/githubexploit/DB986575-5515-5217-904C-B2F303FC6604	*EXPLOIT*
|     	D5303D8B-E27F-584A-8672-68F16628DB95	9.2	https://vulners.com/githubexploit/D5303D8B-E27F-584A-8672-68F16628DB95	*EXPLOIT*
|     	D3DCF4B0-89DE-5EFB-B681-0725BD21449A	9.2	https://vulners.com/githubexploit/D3DCF4B0-89DE-5EFB-B681-0725BD21449A	*EXPLOIT*
|     	CED8F6B1-8F4A-5CA0-9406-3E0DD1C64695	9.2	https://vulners.com/githubexploit/CED8F6B1-8F4A-5CA0-9406-3E0DD1C64695	*EXPLOIT*
|     	C954251A-D5DC-581F-99D7-C85DE9846EF2	9.2	https://vulners.com/githubexploit/C954251A-D5DC-581F-99D7-C85DE9846EF2	*EXPLOIT*
|     	C1FE5C56-3FCE-56DA-AA3A-8F800CE8CBB1	9.2	https://vulners.com/githubexploit/C1FE5C56-3FCE-56DA-AA3A-8F800CE8CBB1	*EXPLOIT*
|     	B7AC5919-D76A-529B-8E1B-78178908C977	9.2	https://vulners.com/githubexploit/B7AC5919-D76A-529B-8E1B-78178908C977	*EXPLOIT*
|     	AF24E2C9-C4BC-5179-9E2E-AF21ECCFA255	9.2	https://vulners.com/githubexploit/AF24E2C9-C4BC-5179-9E2E-AF21ECCFA255	*EXPLOIT*
|     	98A530E3-D6DF-5A1C-A625-F5D67AF2C8F7	9.2	https://vulners.com/githubexploit/98A530E3-D6DF-5A1C-A625-F5D67AF2C8F7	*EXPLOIT*
|     	85F2445E-7854-51E3-BE0F-509BF472696E	9.2	https://vulners.com/githubexploit/85F2445E-7854-51E3-BE0F-509BF472696E	*EXPLOIT*
|     	84F37866-4BB9-51F0-AFC8-B4F941E79576	9.2	https://vulners.com/githubexploit/84F37866-4BB9-51F0-AFC8-B4F941E79576	*EXPLOIT*
|     	7CDA4B34-508C-5DD4-8578-3C5C3A44A4F3	9.2	https://vulners.com/githubexploit/7CDA4B34-508C-5DD4-8578-3C5C3A44A4F3	*EXPLOIT*
|     	77A888D9-B099-5175-B433-C9C18FEA6B1B	9.2	https://vulners.com/githubexploit/77A888D9-B099-5175-B433-C9C18FEA6B1B	*EXPLOIT*
|     	76C3397C-09F4-5F1E-B0A5-5AC97266BE1B	9.2	https://vulners.com/githubexploit/76C3397C-09F4-5F1E-B0A5-5AC97266BE1B	*EXPLOIT*
|     	6E238313-C2F5-5929-BD80-D026E4B44DE4	9.2	https://vulners.com/githubexploit/6E238313-C2F5-5929-BD80-D026E4B44DE4	*EXPLOIT*
|     	6CB8FD9B-C748-57A2-9FDB-26224BC4F868	9.2	https://vulners.com/githubexploit/6CB8FD9B-C748-57A2-9FDB-26224BC4F868	*EXPLOIT*
|     	5D544171-289B-5AF6-90DF-2C2B919DE93C	9.2	https://vulners.com/githubexploit/5D544171-289B-5AF6-90DF-2C2B919DE93C	*EXPLOIT*
|     	5ACFBA03-104F-5AF5-AAF1-FB5B7870BF2F	9.2	https://vulners.com/githubexploit/5ACFBA03-104F-5AF5-AAF1-FB5B7870BF2F	*EXPLOIT*
|     	484E31EB-CAAE-5718-9941-EC1ADD9B203C	9.2	https://vulners.com/githubexploit/484E31EB-CAAE-5718-9941-EC1ADD9B203C	*EXPLOIT*
|     	48470061-EC55-50C0-8274-090AE01AF1AD	9.2	https://vulners.com/githubexploit/48470061-EC55-50C0-8274-090AE01AF1AD	*EXPLOIT*
|     	3BAFBF73-2648-5540-811A-F95C893D4778	9.2	https://vulners.com/githubexploit/3BAFBF73-2648-5540-811A-F95C893D4778	*EXPLOIT*
|     	27CA994D-1B4B-5CBB-BA5F-4B69CFD6BBAF	9.2	https://vulners.com/githubexploit/27CA994D-1B4B-5CBB-BA5F-4B69CFD6BBAF	*EXPLOIT*
|     	249FFDA3-A061-5AA5-90A9-00C4EA088C4C	9.2	https://vulners.com/githubexploit/249FFDA3-A061-5AA5-90A9-00C4EA088C4C	*EXPLOIT*
|     	204AAC54-CABD-571F-9D3B-BE59F333764B	9.2	https://vulners.com/githubexploit/204AAC54-CABD-571F-9D3B-BE59F333764B	*EXPLOIT*
|     	060C8156-3FA0-592B-949E-4E38AD48E266	9.2	https://vulners.com/githubexploit/060C8156-3FA0-592B-949E-4E38AD48E266	*EXPLOIT*
|     	03328B0E-8919-5D0E-879C-542DCDCC0771	9.2	https://vulners.com/githubexploit/03328B0E-8919-5D0E-879C-542DCDCC0771	*EXPLOIT*
|     	NGINX:CVE-2026-27654	8.8	https://vulners.com/nginx/NGINX:CVE-2026-27654
|     	3F71F065-66D4-541F-A813-9F1A2F2B1D91	8.8	https://vulners.com/githubexploit/3F71F065-66D4-541F-A813-9F1A2F2B1D91	*EXPLOIT*
|     	NGINX:CVE-2026-27651	8.7	https://vulners.com/nginx/NGINX:CVE-2026-27651
|     	NGINX:CVE-2026-32647	8.5	https://vulners.com/nginx/NGINX:CVE-2026-32647
|     	NGINX:CVE-2026-27784	8.5	https://vulners.com/nginx/NGINX:CVE-2026-27784
|     	NGINX:CVE-2026-42946	8.3	https://vulners.com/nginx/NGINX:CVE-2026-42946
|     	NGINX:CVE-2026-1642	8.2	https://vulners.com/nginx/NGINX:CVE-2026-1642
|     	NGINX:CVE-2018-16845	8.2	https://vulners.com/nginx/NGINX:CVE-2018-16845
|     	NGINX:CVE-2022-41741	7.8	https://vulners.com/nginx/NGINX:CVE-2022-41741
|     	NGINX:CVE-2019-9513	7.8	https://vulners.com/nginx/NGINX:CVE-2019-9513
|     	NGINX:CVE-2019-9511	7.8	https://vulners.com/nginx/NGINX:CVE-2019-9511
|     	NGINX:CVE-2018-16844	7.8	https://vulners.com/nginx/NGINX:CVE-2018-16844
|     	NGINX:CVE-2018-16843	7.8	https://vulners.com/nginx/NGINX:CVE-2018-16843
|     	DF041B2B-2DA7-5262-AABE-9EBD2D535041	7.8	https://vulners.com/githubexploit/DF041B2B-2DA7-5262-AABE-9EBD2D535041	*EXPLOIT*
|     	PACKETSTORM:167720	7.7	https://vulners.com/packetstorm/PACKETSTORM:167720	*EXPLOIT*
|     	NGINX:CVE-2021-23017	7.7	https://vulners.com/nginx/NGINX:CVE-2021-23017
|     	EDB-ID:50973	7.7	https://vulners.com/exploitdb/EDB-ID:50973	*EXPLOIT*
|     	B175E582-6BBF-5D54-AF15-ED3715F757E3	7.7	https://vulners.com/githubexploit/B175E582-6BBF-5D54-AF15-ED3715F757E3	*EXPLOIT*
|     	3D5EF267-25AF-5E36-885B-89F728833A86	7.7	https://vulners.com/githubexploit/3D5EF267-25AF-5E36-885B-89F728833A86	*EXPLOIT*
|     	25F34A51-EB79-5BBC-8262-6F1876067F04	7.7	https://vulners.com/githubexploit/25F34A51-EB79-5BBC-8262-6F1876067F04	*EXPLOIT*
|     	245ACDDD-B1E2-5344-B37D-5B9A0B0A1F0D	7.7	https://vulners.com/githubexploit/245ACDDD-B1E2-5344-B37D-5B9A0B0A1F0D	*EXPLOIT*
|     	1337DAY-ID-37837	7.7	https://vulners.com/zdt/1337DAY-ID-37837	*EXPLOIT*
|     	1337DAY-ID-36300	7.7	https://vulners.com/zdt/1337DAY-ID-36300	*EXPLOIT*
|     	00455CDF-B814-5424-952E-9088FBB2D42D	7.7	https://vulners.com/githubexploit/00455CDF-B814-5424-952E-9088FBB2D42D	*EXPLOIT*
|     	NGINX:CVE-2019-9516	7.5	https://vulners.com/nginx/NGINX:CVE-2019-9516
|     	NGINX:CVE-2022-41742	7.1	https://vulners.com/nginx/NGINX:CVE-2022-41742
|     	NGINX:CVE-2026-42934	6.3	https://vulners.com/nginx/NGINX:CVE-2026-42934
|     	NGINX:CVE-2026-28753	6.3	https://vulners.com/nginx/NGINX:CVE-2026-28753
|     	NGINX:CVE-2025-53859	6.3	https://vulners.com/nginx/NGINX:CVE-2025-53859
|     	NGINX:CVE-2024-7347	5.7	https://vulners.com/nginx/NGINX:CVE-2024-7347
|     	NGINX:CVE-2025-23419	5.3	https://vulners.com/nginx/NGINX:CVE-2025-23419
|_    	PACKETSTORM:162830	0.0	https://vulners.com/packetstorm/PACKETSTORM:162830	*EXPLOIT*
|_http-server-header: nginx/1.14.2
|_http-dombased-xss: Couldn't find any DOM based XSS.
| http-enum: 
|_  /login.php: Possible admin folder
| http-methods: 
|_  Supported Methods: GET HEAD POST
|_http-title: chatME
| http-cookie-flags: 
|   /: 
|     PHPSESSID: 
|       httponly flag not set
|   /login.php: 
|     PHPSESSID: 
|_      httponly flag not set
| http-csrf: 
| Spidering limited to: maxdepth=3; maxpagecount=20; withinhost=192.168.56.108
|   Found the following possible CSRF vulnerabilities: 
|     
|     Path: http://192.168.56.108:80/
|     Form id: 
|     Form action: login.php
|     
|     Path: http://192.168.56.108:80/
|     Form id: 
|_    Form action: register.php
MAC Address: 08:00:27:AE:61:46 (Oracle VirtualBox virtual NIC)
Device type: general purpose|router
Running: Linux 4.X|5.X, MikroTik RouterOS 7.X
OS CPE: cpe:/o:linux:linux_kernel:4 cpe:/o:linux:linux_kernel:5 cpe:/o:mikrotik:routeros:7 cpe:/o:linux:linux_kernel:5.6.3
OS details: Linux 4.15 - 5.19, OpenWrt 21.02 (Linux 5.4), MikroTik RouterOS 7.2 - 7.5 (Linux 5.6.3)
Uptime guess: 27.081 days (since Tue Apr 28 16:23:15 2026)
Network Distance: 1 hop
TCP Sequence Prediction: Difficulty=261 (Good luck!)
IP ID Sequence Generation: All zeros
Service Info: OS: Linux; CPE: cpe:/o:linux:linux_kernel

TRACEROUTE
HOP RTT     ADDRESS
1   1.28 ms 192.168.56.108

Read data files from: /usr/share/nmap
OS and Service detection performed. Please report any incorrect results at https://nmap.org/submit/ .
# Nmap done at Mon May 25 18:20:22 2026 -- 1 IP address (1 host up) scanned in 115.74 seconds
